21:26:52: Creating resource group General
21:26:52: Creating resource group Internal
21:26:52: Creating resource group Autodetect
21:26:52: Registering ResourceManager for type Mesh
21:26:52: Registering ResourceManager for type Material
21:26:52: Registering ResourceManager for type Skeleton
21:26:52: XMLMeshSerializer reading mesh data from cube.mesh.xml...
21:26:52: Reading geometry...
21:26:52: Geometry done...
21:26:52: Reading submeshes...
21:26:52: Submeshes done.
21:26:52: XMLMeshSerializer import successful.
21:26:52: Reorganising vertex buffers to automatic layout...
21:26:52: MeshSerializer writing mesh data to stream ...
21:26:52: File header written.
21:26:52: Writing mesh data...
21:26:52: Writing submesh...
21:26:52: Exporting submesh texture aliases...
21:26:52: Submesh texture aliases exported.
21:26:52: Submesh exported.
21:26:52: Exporting bounds information....
21:26:52: Bounds information exported.
21:26:52: Exporting submesh name table...
21:26:52: Submesh name table exported.
21:26:52: Mesh data exported.
21:26:52: MeshSerializer export successful.
21:26:52: Unregistering ResourceManager for type Skeleton
21:26:52: Unregistering ResourceManager for type Material
21:26:52: Unregistering ResourceManager for type Mesh
