11:38:47: Creating resource group General
11:38:47: Creating resource group Internal
11:38:47: Creating resource group Autodetect
11:38:47: Registering ResourceManager for type Mesh
11:38:47: Registering ResourceManager for type Material
11:38:47: Registering ResourceManager for type Skeleton
11:38:47: XMLMeshSerializer reading mesh data from /home/athyra/dev/grit/grit_core/media/solemn/newworld/cube.628.mesh.xml...
11:38:47: Reading geometry...
11:38:47: Geometry done...
11:38:47: Reading submeshes...
11:38:47: Submeshes done.
11:38:47: XMLMeshSerializer import successful.
11:38:47: Reorganising vertex buffers to automatic layout...
11:38:47: MeshSerializer writing mesh data to stream ...
11:38:47: File header written.
11:38:47: Writing mesh data...
11:38:47: Writing submesh...
11:38:47: Exporting submesh texture aliases...
11:38:47: Submesh texture aliases exported.
11:38:47: Submesh exported.
11:38:47: Exporting bounds information....
11:38:47: Bounds information exported.
11:38:47: Exporting submesh name table...
11:38:47: Submesh name table exported.
11:38:47: Mesh data exported.
11:38:47: MeshSerializer export successful.
11:38:47: Unregistering ResourceManager for type Skeleton
11:38:47: Unregistering ResourceManager for type Material
11:38:47: Unregistering ResourceManager for type Mesh
